<?xml version="1.0" encoding="UTF-8"?>
<testsuites name="S02-Login" time="29.55" tests="1" failures="0" errors="0">
   <testsuite name="S02-Login" tests="1" failures="0" errors="0" time="29.55" skipped="0" timestamp="2023-03-15 14:17:27" hostname="MUSLIMAH - MUSLIMAH" id="Test Suites/S02-Login">
      <properties>
         <property name="deviceName" value=""/>
         <property name="devicePlatform" value=""/>
         <property name="logFolder" value="C:\\Users\\MUSLIMA\\Documents\\GitHub\\TestingWebsite-DemoBlaze\\Demo Blaze Website\\Reports\\20230315_141719\\S02-Login\\20230315_141719"/>
         <property name="logFiles" value="C:\\Users\\MUSLIMA\\Documents\\GitHub\\TestingWebsite-DemoBlaze\\Demo Blaze Website\\Reports\\20230315_141719\\S02-Login\\20230315_141719\\execution0.log"/>
         <property name="attachments" value=""/>
         <property name="hostName" value="MUSLIMAH - MUSLIMAH"/>
         <property name="os" value="Windows 10 64bit"/>
         <property name="katalonVersion" value="8.5.5.208"/>
         <property name="browser" value="Chrome 111.0.0.0"/>
         <property name="hostAddress" value="192.168.174.96"/>
         <property name="sessionId" value="748b2f6011b07fce382cfe0711c74ed1"/>
         <property name="seleniumVersion" value="3.141.59"/>
         <property name="proxyInformation" value="ProxyInformation { proxyOption=NO_PROXY, proxyServerType=HTTP, username=, password=********, proxyServerAddress=, proxyServerPort=0, executionList=&quot;&quot;, isApplyToDesiredCapabilities=true }"/>
         <property name="platform" value="Windows 10"/>
      </properties>
      <testcase name="Test Cases/S02-Login/LOGIN01-Login with registered account" time="28.547" classname="Test Cases/S02-Login/LOGIN01-Login with registered account" status="PASSED">
         <system-out><![CDATA[2023-03-15 14:17:28 - [TEST_CASE][PASSED] - Test Cases/S02-Login/LOGIN01-Login with registered account: Test Cases/S02-Login/LOGIN01-Login with registered account

2023-03-15 14:17:29 - [TEST_STEP][PASSED] - openBrowser(""): Browser is opened with url: ''

2023-03-15 14:17:29 - [MESSAGE][INFO] - Starting 'Chrome' driver

2023-03-15 14:17:30 - [MESSAGE][INFO] - Action delay is set to 0 milliseconds

2023-03-15 14:17:44 - [MESSAGE][PASSED] - Browser is opened with url: ''

2023-03-15 14:17:44 - [TEST_STEP][PASSED] - navigateToUrl("https://www.demoblaze.com/"): Navigate to 'https://www.demoblaze.com/' successfully

2023-03-15 14:17:46 - [MESSAGE][PASSED] - Navigate to 'https://www.demoblaze.com/' successfully

2023-03-15 14:17:46 - [TEST_STEP][PASSED] - click(findTestObject("Object Repository/S02-Login/LOGIN01-Login with registered account/Page_STORE/a_Log in")): Object: 'Object Repository/S02-Login/LOGIN01-Login with registered account/Page_STORE/a_Log in' is clicked on

2023-03-15 14:17:51 - [MESSAGE][PASSED] - Object: 'Object Repository/S02-Login/LOGIN01-Login with registered account/Page_STORE/a_Log in' is clicked on

2023-03-15 14:17:51 - [TEST_STEP][PASSED] - setText(findTestObject("Object Repository/S02-Login/LOGIN01-Login with registered account/Page_STORE/input_Username_loginusername"), "reg01"): Text 'reg01' is set on object 'Object Repository/S02-Login/LOGIN01-Login with registered account/Page_STORE/input_Username_loginusername'

2023-03-15 14:17:55 - [MESSAGE][PASSED] - Text 'reg01' is set on object 'Object Repository/S02-Login/LOGIN01-Login with registered account/Page_STORE/input_Username_loginusername'

2023-03-15 14:17:55 - [TEST_STEP][PASSED] - setEncryptedText(findTestObject("Object Repository/S02-Login/LOGIN01-Login with registered account/Page_STORE/input_Password_loginpassword"), "oM/O84xb6B0="): Text ****** has been set on object 'Object Repository/S02-Login/LOGIN01-Login with registered account/Page_STORE/input_Password_loginpassword'

2023-03-15 14:17:56 - [MESSAGE][PASSED] - Text ****** has been set on object 'Object Repository/S02-Login/LOGIN01-Login with registered account/Page_STORE/input_Password_loginpassword'

2023-03-15 14:17:56 - [TEST_STEP][PASSED] - click(findTestObject("Object Repository/S02-Login/LOGIN01-Login with registered account/Page_STORE/button_Log in")): Object: 'Object Repository/S02-Login/LOGIN01-Login with registered account/Page_STORE/button_Log in' is clicked on

2023-03-15 14:17:57 - [MESSAGE][PASSED] - Object: 'Object Repository/S02-Login/LOGIN01-Login with registered account/Page_STORE/button_Log in' is clicked on]]></system-out>
         <system-err><![CDATA[]]></system-err>
      </testcase>
      <system-out><![CDATA[2023-03-15 14:17:27 - [TEST_SUITE][PASSED] - S02-Login: Test Cases/S02-Login/LOGIN01-Login with registered account]]></system-out>
      <system-err><![CDATA[]]></system-err>
   </testsuite>
</testsuites>
