<?xml version="1.0" encoding="UTF-8"?>
<testsuites name="S03-Message" time="20.969" tests="1" failures="0" errors="0">
   <testsuite name="S03-Message" tests="1" failures="0" errors="0" time="20.969" skipped="0" timestamp="2023-03-15 14:20:55" hostname="MUSLIMAH - MUSLIMAH" id="Test Suites/S03-Message">
      <properties>
         <property name="deviceName" value=""/>
         <property name="devicePlatform" value=""/>
         <property name="logFolder" value="C:\\Users\\MUSLIMA\\Documents\\GitHub\\TestingWebsite-DemoBlaze\\Demo Blaze Website\\Reports\\20230315_142048\\S03-Message\\20230315_142048"/>
         <property name="logFiles" value="C:\\Users\\MUSLIMA\\Documents\\GitHub\\TestingWebsite-DemoBlaze\\Demo Blaze Website\\Reports\\20230315_142048\\S03-Message\\20230315_142048\\execution0.log"/>
         <property name="attachments" value=""/>
         <property name="hostName" value="MUSLIMAH - MUSLIMAH"/>
         <property name="os" value="Windows 10 64bit"/>
         <property name="katalonVersion" value="8.5.5.208"/>
         <property name="browser" value="Chrome 111.0.0.0"/>
         <property name="hostAddress" value="192.168.174.96"/>
         <property name="sessionId" value="acad35644803f642e72c33d1444dc35b"/>
         <property name="seleniumVersion" value="3.141.59"/>
         <property name="proxyInformation" value="ProxyInformation { proxyOption=NO_PROXY, proxyServerType=HTTP, username=, password=********, proxyServerAddress=, proxyServerPort=0, executionList=&quot;&quot;, isApplyToDesiredCapabilities=true }"/>
         <property name="platform" value="Windows 10"/>
      </properties>
      <testcase name="Test Cases/S03-Message/MSG01-Sending message to owner without login" time="20.052" classname="Test Cases/S03-Message/MSG01-Sending message to owner without login" status="PASSED">
         <system-out><![CDATA[2023-03-15 14:20:56 - [TEST_CASE][PASSED] - Test Cases/S03-Message/MSG01-Sending message to owner without login: Test Cases/S03-Message/MSG01-Sending message to owner without login

2023-03-15 14:20:57 - [TEST_STEP][PASSED] - openBrowser(""): Browser is opened with url: ''

2023-03-15 14:20:57 - [MESSAGE][INFO] - Starting 'Chrome' driver

2023-03-15 14:20:57 - [MESSAGE][INFO] - Action delay is set to 0 milliseconds

2023-03-15 14:21:04 - [MESSAGE][PASSED] - Browser is opened with url: ''

2023-03-15 14:21:04 - [TEST_STEP][PASSED] - navigateToUrl("https://www.demoblaze.com/"): Navigate to 'https://www.demoblaze.com/' successfully

2023-03-15 14:21:07 - [MESSAGE][PASSED] - Navigate to 'https://www.demoblaze.com/' successfully

2023-03-15 14:21:07 - [TEST_STEP][PASSED] - click(findTestObject("Object Repository/S03-Message/MSG01-Sending message without login/Page_STORE/a_Contact")): Object: 'Object Repository/S03-Message/MSG01-Sending message without login/Page_STORE/a_Contact' is clicked on

2023-03-15 14:21:11 - [MESSAGE][PASSED] - Object: 'Object Repository/S03-Message/MSG01-Sending message without login/Page_STORE/a_Contact' is clicked on

2023-03-15 14:21:11 - [TEST_STEP][PASSED] - setText(findTestObject("Object Repository/S03-Message/MSG01-Sending message without login/Page_STORE/input_Contact Email_recipient-email"), "msg01@gmail.com"): Text 'msg01@gmail.com' is set on object 'Object Repository/S03-Message/MSG01-Sending message without login/Page_STORE/input_Contact Email_recipient-email'

2023-03-15 14:21:12 - [MESSAGE][PASSED] - Text 'msg01@gmail.com' is set on object 'Object Repository/S03-Message/MSG01-Sending message without login/Page_STORE/input_Contact Email_recipient-email'

2023-03-15 14:21:12 - [TEST_STEP][PASSED] - setText(findTestObject("Object Repository/S03-Message/MSG01-Sending message without login/Page_STORE/input_Contact Name_recipient-name"), "msg01"): Text 'msg01' is set on object 'Object Repository/S03-Message/MSG01-Sending message without login/Page_STORE/input_Contact Name_recipient-name'

2023-03-15 14:21:14 - [MESSAGE][PASSED] - Text 'msg01' is set on object 'Object Repository/S03-Message/MSG01-Sending message without login/Page_STORE/input_Contact Name_recipient-name'

2023-03-15 14:21:14 - [TEST_STEP][PASSED] - setText(findTestObject("Object Repository/S03-Message/MSG01-Sending message without login/Page_STORE/textarea_Message_message-text"), "test msg without login"): Text 'test msg without login' is set on object 'Object Repository/S03-Message/MSG01-Sending message without login/Page_STORE/textarea_Message_message-text'

2023-03-15 14:21:15 - [MESSAGE][PASSED] - Text 'test msg without login' is set on object 'Object Repository/S03-Message/MSG01-Sending message without login/Page_STORE/textarea_Message_message-text'

2023-03-15 14:21:15 - [TEST_STEP][PASSED] - click(findTestObject("Object Repository/S03-Message/MSG01-Sending message without login/Page_STORE/button_Send message")): Object: 'Object Repository/S03-Message/MSG01-Sending message without login/Page_STORE/button_Send message' is clicked on

2023-03-15 14:21:16 - [MESSAGE][PASSED] - Object: 'Object Repository/S03-Message/MSG01-Sending message without login/Page_STORE/button_Send message' is clicked on]]></system-out>
         <system-err><![CDATA[]]></system-err>
      </testcase>
      <system-out><![CDATA[2023-03-15 14:20:55 - [TEST_SUITE][PASSED] - S03-Message: Test Cases/S03-Message/MSG01-Sending message to owner without login]]></system-out>
      <system-err><![CDATA[]]></system-err>
   </testsuite>
</testsuites>
